{"D:\\Namaste_React\\src\\components\\Contact.js": {"path":"D:\\Namaste_React\\src\\components\\Contact.js","statementMap":{"0":{"start":{"line":1,"column":16},"end":{"line":9,"column":1}},"1":{"start":{"line":2,"column":2},"end":{"line":8,"column":4}}},"fnMap":{"0":{"name":"(anonymous_0)","decl":{"start":{"line":1,"column":16},"end":{"line":1,"column":17}},"loc":{"start":{"line":1,"column":22},"end":{"line":9,"column":1}},"line":1}},"branchMap":{},"s":{"0":1,"1":1},"f":{"0":1},"b":{},"_coverageSchema":"1a1c01bbd47fc00a2c39e90264f33305004495a9","hash":"ca743681677fb54b1298daf386ef76e9946e2fa9"}
,"D:\\Namaste_React\\src\\components\\Header.js": {"path":"D:\\Namaste_React\\src\\components\\Header.js","statementMap":{"0":{"start":{"line":7,"column":14},"end":{"line":11,"column":1}},"1":{"start":{"line":8,"column":2},"end":{"line":10,"column":6}},"2":{"start":{"line":14,"column":15},"end":{"line":52,"column":1}},"3":{"start":{"line":15,"column":32},"end":{"line":15,"column":47}},"4":{"start":{"line":16,"column":40},"end":{"line":16,"column":63}},"5":{"start":{"line":17,"column":20},"end":{"line":17,"column":60}},"6":{"start":{"line":17,"column":43},"end":{"line":17,"column":59}},"7":{"start":{"line":19,"column":2},"end":{"line":51,"column":4}},"8":{"start":{"line":42,"column":14},"end":{"line":42,"column":35}}},"fnMap":{"0":{"name":"(anonymous_0)","decl":{"start":{"line":7,"column":14},"end":{"line":7,"column":15}},"loc":{"start":{"line":8,"column":2},"end":{"line":10,"column":6}},"line":8},"1":{"name":"(anonymous_1)","decl":{"start":{"line":14,"column":15},"end":{"line":14,"column":16}},"loc":{"start":{"line":14,"column":21},"end":{"line":52,"column":1}},"line":14},"2":{"name":"(anonymous_2)","decl":{"start":{"line":17,"column":32},"end":{"line":17,"column":33}},"loc":{"start":{"line":17,"column":43},"end":{"line":17,"column":59}},"line":17},"3":{"name":"(anonymous_3)","decl":{"start":{"line":41,"column":21},"end":{"line":41,"column":22}},"loc":{"start":{"line":41,"column":27},"end":{"line":43,"column":13}},"line":41}},"branchMap":{"0":{"loc":{"start":{"line":45,"column":13},"end":{"line":45,"column":41}},"type":"cond-expr","locations":[{"start":{"line":45,"column":23},"end":{"line":45,"column":31}},{"start":{"line":45,"column":34},"end":{"line":45,"column":41}}],"line":45}},"s":{"0":1,"1":4,"2":1,"3":4,"4":4,"5":4,"6":7,"7":4,"8":1},"f":{"0":4,"1":4,"2":7,"3":1},"b":{"0":[1,3]},"_coverageSchema":"1a1c01bbd47fc00a2c39e90264f33305004495a9","hash":"40e5b1c10ea261d57a718e0f73af92eb2f79e437"}
,"D:\\Namaste_React\\src\\components\\sum.js": {"path":"D:\\Namaste_React\\src\\components\\sum.js","statementMap":{"0":{"start":{"line":1,"column":12},"end":{"line":3,"column":1}},"1":{"start":{"line":2,"column":2},"end":{"line":2,"column":15}}},"fnMap":{"0":{"name":"(anonymous_0)","decl":{"start":{"line":1,"column":12},"end":{"line":1,"column":13}},"loc":{"start":{"line":1,"column":22},"end":{"line":3,"column":1}},"line":1}},"branchMap":{},"s":{"0":1,"1":1},"f":{"0":1},"b":{},"_coverageSchema":"1a1c01bbd47fc00a2c39e90264f33305004495a9","hash":"adb969294dbb858d423ad4069bc7bcd35331ff6e"}
,"D:\\Namaste_React\\src\\utils\\UserContext.js": {"path":"D:\\Namaste_React\\src\\utils\\UserContext.js","statementMap":{"0":{"start":{"line":3,"column":20},"end":{"line":7,"column":2}}},"fnMap":{},"branchMap":{},"s":{"0":1},"f":{},"b":{},"_coverageSchema":"1a1c01bbd47fc00a2c39e90264f33305004495a9","hash":"eef35c6c21233e755205bf3d54f75df26b87e16a"}
,"D:\\Namaste_React\\src\\utils\\appStore.js": {"path":"D:\\Namaste_React\\src\\utils\\appStore.js","statementMap":{"0":{"start":{"line":4,"column":17},"end":{"line":8,"column":2}}},"fnMap":{},"branchMap":{},"s":{"0":1},"f":{},"b":{},"_coverageSchema":"1a1c01bbd47fc00a2c39e90264f33305004495a9","hash":"5cfc7965271f44e63a615b731642381ff4122f65"}
,"D:\\Namaste_React\\src\\utils\\cartSlice.js": {"path":"D:\\Namaste_React\\src\\utils\\cartSlice.js","statementMap":{"0":{"start":{"line":3,"column":18},"end":{"line":19,"column":2}},"1":{"start":{"line":10,"column":6},"end":{"line":10,"column":39}},"2":{"start":{"line":13,"column":6},"end":{"line":13,"column":24}},"3":{"start":{"line":16,"column":6},"end":{"line":16,"column":29}},"4":{"start":{"line":21,"column":50},"end":{"line":21,"column":67}}},"fnMap":{"0":{"name":"(anonymous_0)","decl":{"start":{"line":9,"column":13},"end":{"line":9,"column":14}},"loc":{"start":{"line":9,"column":32},"end":{"line":11,"column":5}},"line":9},"1":{"name":"(anonymous_1)","decl":{"start":{"line":12,"column":16},"end":{"line":12,"column":17}},"loc":{"start":{"line":12,"column":27},"end":{"line":14,"column":5}},"line":12},"2":{"name":"(anonymous_2)","decl":{"start":{"line":15,"column":15},"end":{"line":15,"column":16}},"loc":{"start":{"line":15,"column":26},"end":{"line":17,"column":5}},"line":15}},"branchMap":{},"s":{"0":1,"1":0,"2":0,"3":0,"4":1},"f":{"0":0,"1":0,"2":0},"b":{},"_coverageSchema":"1a1c01bbd47fc00a2c39e90264f33305004495a9","hash":"ea7a7a7d4f2a6d41f14b29dc46c55bc160cf5ef9"}
,"D:\\Namaste_React\\src\\utils\\constants.js": {"path":"D:\\Namaste_React\\src\\utils\\constants.js","statementMap":{"0":{"start":{"line":2,"column":2},"end":{"line":2,"column":85}},"1":{"start":{"line":5,"column":2},"end":{"line":5,"column":146}}},"fnMap":{},"branchMap":{},"s":{"0":1,"1":1},"f":{},"b":{},"_coverageSchema":"1a1c01bbd47fc00a2c39e90264f33305004495a9","hash":"35555a025903fac16b4adf5440ac53c7cab31bb3"}
}
